Wed Mar 29 2023 01:59:18 GMT+0530 (India Standard Time): 
TypeError [ERR_INVALID_ARG_TYPE]: The "data" argument must be of type string or an instance of Buffer, TypedArray, or DataView. Received undefined
    at new NodeError (internal/errors.js:322:7)
    at Hmac.update (internal/crypto/hash.js:84:11)
    at login (D:\Nodejs\Practise\Dynamic-next-practical\controllers\authController.js:24:59)
    at Layer.handle [as handle_request] (D:\Nodejs\Practise\Dynamic-next-practical\node_modules\express\lib\router\layer.js:95:5)
    at next (D:\Nodejs\Practise\Dynamic-next-practical\node_modules\express\lib\router\route.js:144:13)
    at Route.dispatch (D:\Nodejs\Practise\Dynamic-next-practical\node_modules\express\lib\router\route.js:114:3)
    at Layer.handle [as handle_request] (D:\Nodejs\Practise\Dynamic-next-practical\node_modules\express\lib\router\layer.js:95:5)
    at D:\Nodejs\Practise\Dynamic-next-practical\node_modules\express\lib\router\index.js:284:15
    at Function.process_params (D:\Nodejs\Practise\Dynamic-next-practical\node_modules\express\lib\router\index.js:346:12)
    at next (D:\Nodejs\Practise\Dynamic-next-practical\node_modules\express\lib\router\index.js:280:10)

Wed Mar 29 2023 02:00:55 GMT+0530 (India Standard Time): 
TypeError [ERR_INVALID_ARG_TYPE]: The "data" argument must be of type string or an instance of Buffer, TypedArray, or DataView. Received undefined
    at new NodeError (internal/errors.js:322:7)
    at Hmac.update (internal/crypto/hash.js:84:11)
    at login (D:\Nodejs\Practise\Dynamic-next-practical\controllers\authController.js:24:59)
    at Layer.handle [as handle_request] (D:\Nodejs\Practise\Dynamic-next-practical\node_modules\express\lib\router\layer.js:95:5)
    at next (D:\Nodejs\Practise\Dynamic-next-practical\node_modules\express\lib\router\route.js:144:13)
    at Route.dispatch (D:\Nodejs\Practise\Dynamic-next-practical\node_modules\express\lib\router\route.js:114:3)
    at Layer.handle [as handle_request] (D:\Nodejs\Practise\Dynamic-next-practical\node_modules\express\lib\router\layer.js:95:5)
    at D:\Nodejs\Practise\Dynamic-next-practical\node_modules\express\lib\router\index.js:284:15
    at Function.process_params (D:\Nodejs\Practise\Dynamic-next-practical\node_modules\express\lib\router\index.js:346:12)
    at next (D:\Nodejs\Practise\Dynamic-next-practical\node_modules\express\lib\router\index.js:280:10)

Wed Mar 29 2023 02:04:01 GMT+0530 (India Standard Time): 
TypeError [ERR_INVALID_ARG_TYPE]: The "data" argument must be of type string or an instance of Buffer, TypedArray, or DataView. Received undefined
    at new NodeError (internal/errors.js:322:7)
    at Hmac.update (internal/crypto/hash.js:84:11)
    at login (D:\Nodejs\Practise\Dynamic-next-practical\controllers\authController.js:25:59)
    at Layer.handle [as handle_request] (D:\Nodejs\Practise\Dynamic-next-practical\node_modules\express\lib\router\layer.js:95:5)
    at next (D:\Nodejs\Practise\Dynamic-next-practical\node_modules\express\lib\router\route.js:144:13)
    at Route.dispatch (D:\Nodejs\Practise\Dynamic-next-practical\node_modules\express\lib\router\route.js:114:3)
    at Layer.handle [as handle_request] (D:\Nodejs\Practise\Dynamic-next-practical\node_modules\express\lib\router\layer.js:95:5)
    at D:\Nodejs\Practise\Dynamic-next-practical\node_modules\express\lib\router\index.js:284:15
    at Function.process_params (D:\Nodejs\Practise\Dynamic-next-practical\node_modules\express\lib\router\index.js:346:12)
    at next (D:\Nodejs\Practise\Dynamic-next-practical\node_modules\express\lib\router\index.js:280:10)

Wed Mar 29 2023 02:08:58 GMT+0530 (India Standard Time): 
TypeError [ERR_INVALID_ARG_TYPE]: The "data" argument must be of type string or an instance of Buffer, TypedArray, or DataView. Received undefined
    at new NodeError (internal/errors.js:322:7)
    at Hmac.update (internal/crypto/hash.js:84:11)
    at login (D:\Nodejs\Practise\Dynamic-next-practical\controllers\authController.js:25:59)
    at Layer.handle [as handle_request] (D:\Nodejs\Practise\Dynamic-next-practical\node_modules\express\lib\router\layer.js:95:5)
    at next (D:\Nodejs\Practise\Dynamic-next-practical\node_modules\express\lib\router\route.js:144:13)
    at Route.dispatch (D:\Nodejs\Practise\Dynamic-next-practical\node_modules\express\lib\router\route.js:114:3)
    at Layer.handle [as handle_request] (D:\Nodejs\Practise\Dynamic-next-practical\node_modules\express\lib\router\layer.js:95:5)
    at D:\Nodejs\Practise\Dynamic-next-practical\node_modules\express\lib\router\index.js:284:15
    at Function.process_params (D:\Nodejs\Practise\Dynamic-next-practical\node_modules\express\lib\router\index.js:346:12)
    at next (D:\Nodejs\Practise\Dynamic-next-practical\node_modules\express\lib\router\index.js:280:10)

Wed Mar 29 2023 11:38:29 GMT+0530 (India Standard Time): 
TypeError [ERR_INVALID_ARG_TYPE]: The "data" argument must be of type string or an instance of Buffer, TypedArray, or DataView. Received undefined
    at new NodeError (internal/errors.js:322:7)
    at Hmac.update (internal/crypto/hash.js:84:11)
    at login (D:\Nodejs\Practise\Dynamic-next-practical\controllers\authController.js:25:59)
    at Layer.handle [as handle_request] (D:\Nodejs\Practise\Dynamic-next-practical\node_modules\express\lib\router\layer.js:95:5)
    at next (D:\Nodejs\Practise\Dynamic-next-practical\node_modules\express\lib\router\route.js:144:13)
    at Route.dispatch (D:\Nodejs\Practise\Dynamic-next-practical\node_modules\express\lib\router\route.js:114:3)
    at Layer.handle [as handle_request] (D:\Nodejs\Practise\Dynamic-next-practical\node_modules\express\lib\router\layer.js:95:5)
    at D:\Nodejs\Practise\Dynamic-next-practical\node_modules\express\lib\router\index.js:284:15
    at Function.process_params (D:\Nodejs\Practise\Dynamic-next-practical\node_modules\express\lib\router\index.js:346:12)
    at next (D:\Nodejs\Practise\Dynamic-next-practical\node_modules\express\lib\router\index.js:280:10)

Wed Mar 29 2023 11:40:48 GMT+0530 (India Standard Time): 
TypeError [ERR_INVALID_ARG_TYPE]: The "data" argument must be of type string or an instance of Buffer, TypedArray, or DataView. Received undefined
    at new NodeError (internal/errors.js:322:7)
    at Hmac.update (internal/crypto/hash.js:84:11)
    at login (D:\Nodejs\Practise\Dynamic-next-practical\controllers\authController.js:25:59)
    at Layer.handle [as handle_request] (D:\Nodejs\Practise\Dynamic-next-practical\node_modules\express\lib\router\layer.js:95:5)
    at next (D:\Nodejs\Practise\Dynamic-next-practical\node_modules\express\lib\router\route.js:144:13)
    at Route.dispatch (D:\Nodejs\Practise\Dynamic-next-practical\node_modules\express\lib\router\route.js:114:3)
    at Layer.handle [as handle_request] (D:\Nodejs\Practise\Dynamic-next-practical\node_modules\express\lib\router\layer.js:95:5)
    at D:\Nodejs\Practise\Dynamic-next-practical\node_modules\express\lib\router\index.js:284:15
    at Function.process_params (D:\Nodejs\Practise\Dynamic-next-practical\node_modules\express\lib\router\index.js:346:12)
    at next (D:\Nodejs\Practise\Dynamic-next-practical\node_modules\express\lib\router\index.js:280:10)

Wed Mar 29 2023 11:42:57 GMT+0530 (India Standard Time): 
TypeError [ERR_INVALID_ARG_TYPE]: The "data" argument must be of type string or an instance of Buffer, TypedArray, or DataView. Received undefined
    at new NodeError (internal/errors.js:322:7)
    at Hmac.update (internal/crypto/hash.js:84:11)
    at login (D:\Nodejs\Practise\Dynamic-next-practical\controllers\authController.js:25:59)
    at Layer.handle [as handle_request] (D:\Nodejs\Practise\Dynamic-next-practical\node_modules\express\lib\router\layer.js:95:5)
    at next (D:\Nodejs\Practise\Dynamic-next-practical\node_modules\express\lib\router\route.js:144:13)
    at Route.dispatch (D:\Nodejs\Practise\Dynamic-next-practical\node_modules\express\lib\router\route.js:114:3)
    at Layer.handle [as handle_request] (D:\Nodejs\Practise\Dynamic-next-practical\node_modules\express\lib\router\layer.js:95:5)
    at D:\Nodejs\Practise\Dynamic-next-practical\node_modules\express\lib\router\index.js:284:15
    at Function.process_params (D:\Nodejs\Practise\Dynamic-next-practical\node_modules\express\lib\router\index.js:346:12)
    at next (D:\Nodejs\Practise\Dynamic-next-practical\node_modules\express\lib\router\index.js:280:10)

Thu Mar 30 2023 12:22:16 GMT+0530 (India Standard Time): 
TypeError [ERR_INVALID_ARG_TYPE]: The "data" argument must be of type string or an instance of Buffer, TypedArray, or DataView. Received undefined
    at new NodeError (internal/errors.js:322:7)
    at Hmac.update (internal/crypto/hash.js:84:11)
    at login (D:\Nodejs\Practise\Dynamic-next-practical\controllers\authController.js:24:59)
    at Layer.handle [as handle_request] (D:\Nodejs\Practise\Dynamic-next-practical\node_modules\express\lib\router\layer.js:95:5)
    at next (D:\Nodejs\Practise\Dynamic-next-practical\node_modules\express\lib\router\route.js:144:13)
    at Route.dispatch (D:\Nodejs\Practise\Dynamic-next-practical\node_modules\express\lib\router\route.js:114:3)
    at Layer.handle [as handle_request] (D:\Nodejs\Practise\Dynamic-next-practical\node_modules\express\lib\router\layer.js:95:5)
    at D:\Nodejs\Practise\Dynamic-next-practical\node_modules\express\lib\router\index.js:284:15
    at Function.process_params (D:\Nodejs\Practise\Dynamic-next-practical\node_modules\express\lib\router\index.js:346:12)
    at next (D:\Nodejs\Practise\Dynamic-next-practical\node_modules\express\lib\router\index.js:280:10)

